  BaseCameraComponent.cpp
  CameraComponent.cpp
source\core\Component\Camera\CameraComponent.cpp(11): error C2838: 'NORMAL': メンバー宣言内の限定名が間違っています
source\core\Component\Camera\CameraComponent.cpp(11): error C2065: 'NORMAL': 定義されていない識別子です。
  BaseLightComponent.cpp
  BasePostEffectComponent.cpp
  FpsManager.cpp
  GameLoopManager.cpp
C:\work\git\project\employment\source\./DirectX/DirectXRenderManager.h(96): error C2039: 'ShaderWark': 'mslib::directx' のメンバーではありません。
  C:\work\git\project\employment\source\./DirectX/DirectXRenderManager.h(47): note: 'mslib::directx' の宣言を確認してください
C:\work\git\project\employment\source\./DirectX/DirectXRenderManager.h(95): error C2061: 構文エラー: 識別子 'ShaderWark'
C:\work\git\project\employment\source\./DirectX/DirectXRenderManager.h(249): error C2065: 'm_postEffectCommnd': 定義されていない識別子です。
C:\work\git\project\employment\source\./DirectX/DirectXRenderManager.h(249): error C2228: '.begin' の左側はクラス、構造体、共用体でなければなりません
  C:\work\git\project\employment\source\./DirectX/DirectXRenderManager.h(249): note: 型は 'unknown-type' です。
  Object.cpp
  BaseScene.cpp
  SceneManager.cpp
  DepseBufferRender2DGameObject.cpp
c:\work\git\project\employment\source\./DirectX/DirectXRenderManager.h(96): error C2039: 'ShaderWark': 'mslib::directx' のメンバーではありません。
  c:\work\git\project\employment\source\./DirectX/DirectXRenderManager.h(47): note: 'mslib::directx' の宣言を確認してください
c:\work\git\project\employment\source\./DirectX/DirectXRenderManager.h(95): error C2061: 構文エラー: 識別子 'ShaderWark'
c:\work\git\project\employment\source\./DirectX/DirectXRenderManager.h(249): error C2065: 'm_postEffectCommnd': 定義されていない識別子です。
c:\work\git\project\employment\source\./DirectX/DirectXRenderManager.h(249): error C2228: '.begin' の左側はクラス、構造体、共用体でなければなりません
  c:\work\git\project\employment\source\./DirectX/DirectXRenderManager.h(249): note: 型は 'unknown-type' です。
  DirectX11Manager.cpp
  DirectXRenderManager.cpp
c:\work\git\project\employment\source\directx\./DirectXRenderManager.h(96): error C2039: 'ShaderWark': 'mslib::directx' のメンバーではありません。
  c:\work\git\project\employment\source\directx\./DirectXRenderManager.h(47): note: 'mslib::directx' の宣言を確認してください
c:\work\git\project\employment\source\directx\./DirectXRenderManager.h(95): error C2061: 構文エラー: 識別子 'ShaderWark'
c:\work\git\project\employment\source\directx\./DirectXRenderManager.h(249): error C2065: 'm_postEffectCommnd': 定義されていない識別子です。
c:\work\git\project\employment\source\directx\./DirectXRenderManager.h(249): error C2228: '.begin' の左側はクラス、構造体、共用体でなければなりません
  c:\work\git\project\employment\source\directx\./DirectXRenderManager.h(249): note: 型は 'unknown-type' です。
c:\work\git\project\employment\source\directx\./DirectXTextureManager.h(18): error C3646: 'Load': 不明なオーバーライド指定子です
c:\work\git\project\employment\source\directx\./DirectXTextureManager.h(18): error C2059: 構文エラー: '('
c:\work\git\project\employment\source\directx\./DirectXTextureManager.h(18): error C2238: ';' の前に無効なトークンがあります。
source\DirectX\DirectXRenderManager.cpp(92): error C2882: 'texture': 式の中で名前空間の識別子が正しく使用されていません。
source\DirectX\DirectXRenderManager.cpp(92): error C2228: '.GetAddressOf' の左側はクラス、構造体、共用体でなければなりません
source\DirectX\DirectXRenderManager.cpp(92): error C2660: 'ID3D11DeviceContext::PSSetShaderResources': 関数に 2 個の引数を指定できません。
source\DirectX\DirectXRenderManager.cpp(101): warning C4267: '引数': 'size_t' から 'UINT' に変換しました。データが失われているかもしれません。
source\DirectX\DirectXRenderManager.cpp(173): warning C4267: '引数': 'size_t' から 'UINT' に変換しました。データが失われているかもしれません。
source\DirectX\DirectXRenderManager.cpp(180): error C2039: 'DrawPostEffect': 'mslib::directx::DirectXRenderWork' のメンバーではありません。
  c:\work\git\project\employment\source\directx\./DirectXRenderManager.h(167): note: 'mslib::directx::DirectXRenderWork' の宣言を確認してください
source\DirectX\DirectXRenderManager.cpp(180): error C2065: 'DirectXPostEffectRenderCommand': 定義されていない識別子です。
source\DirectX\DirectXRenderManager.cpp(180): error C2923: 'std::unique_ptr': 'DirectXPostEffectRenderCommand' は、有効な テンプレート 型引数 (パラメーター '_Ty') ではありません。
source\DirectX\DirectXRenderManager.cpp(180): error C3203: 'default_delete': 非特殊 クラス テンプレート は、テンプレート 引数として テンプレート パラメーター '_Dx' に使用できません。実際の型を指定してください
source\DirectX\DirectXRenderManager.cpp(205): error C2065: 'm_device_context': 定義されていない識別子です。
source\DirectX\DirectXRenderManager.cpp(205): error C2227: '->GSSetShader' : 左側がクラス、構造体、共用体、ジェネリック型へのポインターではありません。
  source\DirectX\DirectXRenderManager.cpp(205): note: 型は 'unknown-type' です。
source\DirectX\DirectXRenderManager.cpp(208): error C2065: 'm_device_context': 定義されていない識別子です。
source\DirectX\DirectXRenderManager.cpp(208): error C2227: '->HSSetShader' : 左側がクラス、構造体、共用体、ジェネリック型へのポインターではありません。
  source\DirectX\DirectXRenderManager.cpp(208): note: 型は 'unknown-type' です。
source\DirectX\DirectXRenderManager.cpp(211): error C2065: 'm_device_context': 定義されていない識別子です。
source\DirectX\DirectXRenderManager.cpp(211): error C2227: '->DSSetShader' : 左側がクラス、構造体、共用体、ジェネリック型へのポインターではありません。
  source\DirectX\DirectXRenderManager.cpp(211): note: 型は 'unknown-type' です。
source\DirectX\DirectXRenderManager.cpp(250): error C2511: 'mslib::directx::DirectXRenderObjectLoder::DirectXRenderObjectLoder(mslib::shader::ShaderWark *,mslib::directx::DirectXRenderObjectWarehouse *)': オーバーロードされたメンバー関数が 'mslib::directx::DirectXRenderObjectLoder' にありません。
  c:\work\git\project\employment\source\directx\./DirectXRenderManager.h(93): note: 'mslib::directx::DirectXRenderObjectLoder' の宣言を確認してください
source\DirectX\DirectXRenderManager.cpp(250): error C2027: 認識できない型 'mslib::shader::ShaderWark' が使われています。
  c:\work\git\project\employment\source\directx\./DirectXRenderManager.h(19): note: 'mslib::shader::ShaderWark' の宣言を確認してください
source\DirectX\DirectXRenderManager.cpp(250): error C2227: '->GetVertexShaderManager' : 左側がクラス、構造体、共用体、ジェネリック型へのポインターではありません。
source\DirectX\DirectXRenderManager.cpp(251): error C2027: 認識できない型 'mslib::shader::ShaderWark' が使われています。
  c:\work\git\project\employment\source\directx\./DirectXRenderManager.h(19): note: 'mslib::shader::ShaderWark' の宣言を確認してください
source\DirectX\DirectXRenderManager.cpp(251): error C2227: '->GetPixelShaderManager' : 左側がクラス、構造体、共用体、ジェネリック型へのポインターではありません。
source\DirectX\DirectXRenderManager.cpp(252): error C2027: 認識できない型 'mslib::shader::ShaderWark' が使われています。
  c:\work\git\project\employment\source\directx\./DirectXRenderManager.h(19): note: 'mslib::shader::ShaderWark' の宣言を確認してください
source\DirectX\DirectXRenderManager.cpp(252): error C2227: '->GetGeometryShaderManager' : 左側がクラス、構造体、共用体、ジェネリック型へのポインターではありません。
source\DirectX\DirectXRenderManager.cpp(254): error C2065: '_device': 定義されていない識別子です。
source\DirectX\DirectXRenderManager.cpp(255): error C2065: '_texture_loader': 定義されていない識別子です。
source\DirectX\DirectXRenderManager.cpp(255): error C2550: 'mslib::directx::DirectXRenderObjectLoder::{ctor}': コンストラクターの初期化子リストはコンストラクターの定義だけに許されます。
source\DirectX\DirectXRenderManager.cpp(256): error C2065: '_device': 定義されていない識別子です。
source\DirectX\DirectXRenderManager.cpp(267): error C2664: 'void mslib::directx::DirectXRenderObject::SetGeometory(std::string)': 引数 1 を 'mslib::directx::GeometryShader' から 'std::string' へ変換できません。
  source\DirectX\DirectXRenderManager.cpp(267): note: この変換を実行可能なユーザー定義変換演算子がないか、または演算子を呼び出せません。
source\DirectX\DirectXRenderManager.cpp(269): error C2248: 'mslib::directx::DirectXRenderObject::m_mesh': private メンバー (クラス 'mslib::directx::DirectXRenderObject' で宣言されている) にアクセスできません。
  c:\work\git\project\employment\source\directx\./DirectXRenderManager.h(64): note: 'mslib::directx::DirectXRenderObject::m_mesh' の宣言を確認してください
  c:\work\git\project\employment\source\directx\./DirectXRenderManager.h(60): note: 'mslib::directx::DirectXRenderObject' の宣言を確認してください
source\DirectX\DirectXRenderManager.cpp(272): error C2248: 'mslib::directx::DirectXRenderObject::m_mesh': private メンバー (クラス 'mslib::directx::DirectXRenderObject' で宣言されている) にアクセスできません。
  c:\work\git\project\employment\source\directx\./DirectXRenderManager.h(64): note: 'mslib::directx::DirectXRenderObject::m_mesh' の宣言を確認してください
  c:\work\git\project\employment\source\directx\./DirectXRenderManager.h(60): note: 'mslib::directx::DirectXRenderObject' の宣言を確認してください
source\DirectX\DirectXRenderManager.cpp(273): error C2248: 'mslib::directx::DirectXRenderObject::m_mesh': private メンバー (クラス 'mslib::directx::DirectXRenderObject' で宣言されている) にアクセスできません。
  c:\work\git\project\employment\source\directx\./DirectXRenderManager.h(64): note: 'mslib::directx::DirectXRenderObject::m_mesh' の宣言を確認してください
  c:\work\git\project\employment\source\directx\./DirectXRenderManager.h(60): note: 'mslib::directx::DirectXRenderObject' の宣言を確認してください
source\DirectX\DirectXRenderManager.cpp(274): error C2248: 'mslib::directx::DirectXRenderObject::m_mesh': private メンバー (クラス 'mslib::directx::DirectXRenderObject' で宣言されている) にアクセスできません。
  c:\work\git\project\employment\source\directx\./DirectXRenderManager.h(64): note: 'mslib::directx::DirectXRenderObject::m_mesh' の宣言を確認してください
  c:\work\git\project\employment\source\directx\./DirectXRenderManager.h(60): note: 'mslib::directx::DirectXRenderObject' の宣言を確認してください
source\DirectX\DirectXRenderManager.cpp(274): error C2882: 'texture': 式の中で名前空間の識別子が正しく使用されていません。
source\DirectX\DirectXRenderManager.cpp(274): error C2065: 'm_texture_loader': 定義されていない識別子です。
source\DirectX\DirectXRenderManager.cpp(274): error C2227: '->Load' : 左側がクラス、構造体、共用体、ジェネリック型へのポインターではありません。
  source\DirectX\DirectXRenderManager.cpp(274): note: 型は 'unknown-type' です。
source\DirectX\DirectXRenderManager.cpp(277): error C2248: 'mslib::directx::DirectXRenderObject::m_mesh': private メンバー (クラス 'mslib::directx::DirectXRenderObject' で宣言されている) にアクセスできません。
  c:\work\git\project\employment\source\directx\./DirectXRenderManager.h(64): note: 'mslib::directx::DirectXRenderObject::m_mesh' の宣言を確認してください
  c:\work\git\project\employment\source\directx\./DirectXRenderManager.h(60): note: 'mslib::directx::DirectXRenderObject' の宣言を確認してください
source\DirectX\DirectXRenderManager.cpp(277): warning C4267: '引数': 'size_t' から 'UINT' に変換しました。データが失われているかもしれません。
source\DirectX\DirectXRenderManager.cpp(279): error C2248: 'mslib::directx::DirectXRenderObject::m_mesh': private メンバー (クラス 'mslib::directx::DirectXRenderObject' で宣言されている) にアクセスできません。
  c:\work\git\project\employment\source\directx\./DirectXRenderManager.h(64): note: 'mslib::directx::DirectXRenderObject::m_mesh' の宣言を確認してください
  c:\work\git\project\employment\source\directx\./DirectXRenderManager.h(60): note: 'mslib::directx::DirectXRenderObject' の宣言を確認してください
source\DirectX\DirectXRenderManager.cpp(279): warning C4267: '引数': 'size_t' から 'UINT' に変換しました。データが失われているかもしれません。
source\DirectX\DirectXRenderManager.cpp(289): error C2248: 'mslib::directx::DirectXRenderObject::m_mesh': private メンバー (クラス 'mslib::directx::DirectXRenderObject' で宣言されている) にアクセスできません。
  c:\work\git\project\employment\source\directx\./DirectXRenderManager.h(64): note: 'mslib::directx::DirectXRenderObject::m_mesh' の宣言を確認してください
  c:\work\git\project\employment\source\directx\./DirectXRenderManager.h(60): note: 'mslib::directx::DirectXRenderObject' の宣言を確認してください
source\DirectX\DirectXRenderManager.cpp(291): error C2248: 'mslib::directx::DirectXRenderObject::m_mesh': private メンバー (クラス 'mslib::directx::DirectXRenderObject' で宣言されている) にアクセスできません。
  c:\work\git\project\employment\source\directx\./DirectXRenderManager.h(64): note: 'mslib::directx::DirectXRenderObject::m_mesh' の宣言を確認してください
  c:\work\git\project\employment\source\directx\./DirectXRenderManager.h(60): note: 'mslib::directx::DirectXRenderObject' の宣言を確認してください
source\DirectX\DirectXRenderManager.cpp(292): error C2248: 'mslib::directx::DirectXRenderObject::m_mesh': private メンバー (クラス 'mslib::directx::DirectXRenderObject' で宣言されている) にアクセスできません。
  c:\work\git\project\employment\source\directx\./DirectXRenderManager.h(64): note: 'mslib::directx::DirectXRenderObject::m_mesh' の宣言を確認してください
  c:\work\git\project\employment\source\directx\./DirectXRenderManager.h(60): note: 'mslib::directx::DirectXRenderObject' の宣言を確認してください
source\DirectX\DirectXRenderManager.cpp(293): error C2248: 'mslib::directx::DirectXRenderObject::m_mesh': private メンバー (クラス 'mslib::directx::DirectXRenderObject' で宣言されている) にアクセスできません。
  c:\work\git\project\employment\source\directx\./DirectXRenderManager.h(64): note: 'mslib::directx::DirectXRenderObject::m_mesh' の宣言を確認してください
  c:\work\git\project\employment\source\directx\./DirectXRenderManager.h(60): note: 'mslib::directx::DirectXRenderObject' の宣言を確認してください
source\DirectX\DirectXRenderManager.cpp(293): error C2882: 'texture': 式の中で名前空間の識別子が正しく使用されていません。
source\DirectX\DirectXRenderManager.cpp(293): error C2065: 'm_texture_loader': 定義されていない識別子です。
source\DirectX\DirectXRenderManager.cpp(293): error C2227: '->Load' : 左側がクラス、構造体、共用体、ジェネリック型へのポインターではありません。
  source\DirectX\DirectXRenderManager.cpp(293): note: 型は 'unknown-type' です。
source\DirectX\DirectXRenderManager.cpp(296): error C2248: 'mslib::directx::DirectXRenderObject::m_mesh': private メンバー (クラス 'mslib::directx::DirectXRenderObject' で宣言されている) にアクセスできません。
  c:\work\git\project\employment\source\directx\./DirectXRenderManager.h(64): note: 'mslib::directx::DirectXRenderObject::m_mesh' の宣言を確認してください
  c:\work\git\project\employment\source\directx\./DirectXRenderManager.h(60): note: 'mslib::directx::DirectXRenderObject' の宣言を確認してください
source\DirectX\DirectXRenderManager.cpp(296): warning C4267: '引数': 'size_t' から 'UINT' に変換しました。データが失われているかもしれません。
source\DirectX\DirectXRenderManager.cpp(298): error C2248: 'mslib::directx::DirectXRenderObject::m_mesh': private メンバー (クラス 'mslib::directx::DirectXRenderObject' で宣言されている) にアクセスできません。
  c:\work\git\project\employment\source\directx\./DirectXRenderManager.h(64): note: 'mslib::directx::DirectXRenderObject::m_mesh' の宣言を確認してください
  c:\work\git\project\employment\source\directx\./DirectXRenderManager.h(60): note: 'mslib::directx::DirectXRenderObject' の宣言を確認してください
source\DirectX\DirectXRenderManager.cpp(298): warning C4267: '引数': 'size_t' から 'UINT' に変換しました。データが失われているかもしれません。
source\DirectX\DirectXRenderManager.cpp(324): error C2065: 'm_device': 定義されていない識別子です。
source\DirectX\DirectXRenderManager.cpp(324): error C2227: '->CreateBuffer' : 左側がクラス、構造体、共用体、ジェネリック型へのポインターではありません。
  source\DirectX\DirectXRenderManager.cpp(324): note: 型は 'unknown-type' です。
source\DirectX\DirectXRenderManager.cpp(326): error C2664: 'int MessageBoxW(HWND,LPCWSTR,LPCWSTR,UINT)': 引数 2 を 'const char [34]' から 'LPCWSTR' へ変換できません。
  source\DirectX\DirectXRenderManager.cpp(326): note: 指示された型は関連がありません。変換には reinterpret_cast、C スタイル キャストまたは関数スタイルのキャストが必要です。
source\DirectX\DirectXRenderManager.cpp(351): error C2065: 'm_device': 定義されていない識別子です。
source\DirectX\DirectXRenderManager.cpp(351): error C2227: '->CreateBuffer' : 左側がクラス、構造体、共用体、ジェネリック型へのポインターではありません。
  source\DirectX\DirectXRenderManager.cpp(351): note: 型は 'unknown-type' です。
source\DirectX\DirectXRenderManager.cpp(353): error C2664: 'int MessageBoxW(HWND,LPCWSTR,LPCWSTR,UINT)': 引数 2 を 'const char [33]' から 'LPCWSTR' へ変換できません。
  source\DirectX\DirectXRenderManager.cpp(353): note: 指示された型は関連がありません。変換には reinterpret_cast、C スタイル キャストまたは関数スタイルのキャストが必要です。
source\DirectX\DirectXRenderManager.cpp(360): error C2065: 'm_vertex_shader_manager': 定義されていない識別子です。
source\DirectX\DirectXRenderManager.cpp(360): error C2227: '->GetVertexShader' : 左側がクラス、構造体、共用体、ジェネリック型へのポインターではありません。
  source\DirectX\DirectXRenderManager.cpp(360): note: 型は 'unknown-type' です。
source\DirectX\DirectXRenderManager.cpp(361): error C2065: 'm_vertex_shader_manager': 定義されていない識別子です。
source\DirectX\DirectXRenderManager.cpp(361): error C2227: '->GetInputLayer' : 左側がクラス、構造体、共用体、ジェネリック型へのポインターではありません。
  source\DirectX\DirectXRenderManager.cpp(361): note: 型は 'unknown-type' です。
source\DirectX\DirectXRenderManager.cpp(362): error C2065: 'm_pixel_shader_manager': 定義されていない識別子です。
source\DirectX\DirectXRenderManager.cpp(362): error C2227: '->GetShader' : 左側がクラス、構造体、共用体、ジェネリック型へのポインターではありません。
  source\DirectX\DirectXRenderManager.cpp(362): note: 型は 'unknown-type' です。
source\DirectX\DirectXRenderManager.cpp(359): error C2672: 'std::make_shared': 一致するオーバーロードされた関数が見つかりませんでした。
source\DirectX\DirectXRenderManager.cpp(364): error C3536: 'new_object': 初期化前に使用することはできません
source\DirectX\DirectXRenderManager.cpp(364): error C2227: '->SetGeometory' : 左側がクラス、構造体、共用体、ジェネリック型へのポインターではありません。
  source\DirectX\DirectXRenderManager.cpp(364): note: 型は 'int' です。
source\DirectX\DirectXRenderManager.cpp(364): error C2065: 'm_geometry_shader_manager': 定義されていない識別子です。
source\DirectX\DirectXRenderManager.cpp(364): error C2227: '->GetShader' : 左側がクラス、構造体、共用体、ジェネリック型へのポインターではありません。
  source\DirectX\DirectXRenderManager.cpp(364): note: 型は 'unknown-type' です。
source\DirectX\DirectXRenderManager.cpp(366): error C2227: '->m_mesh' : 左側がクラス、構造体、共用体、ジェネリック型へのポインターではありません。
  source\DirectX\DirectXRenderManager.cpp(366): note: 型は 'int' です。
source\DirectX\DirectXRenderManager.cpp(366): error C2228: '.Load' の左側はクラス、構造体、共用体でなければなりません
source\DirectX\DirectXRenderManager.cpp(369): error C2227: '->m_mesh' : 左側がクラス、構造体、共用体、ジェネリック型へのポインターではありません。
  source\DirectX\DirectXRenderManager.cpp(369): note: 型は 'int' です。
source\DirectX\DirectXRenderManager.cpp(369): error C2228: '.GetMaterial' の左側はクラス、構造体、共用体でなければなりません
source\DirectX\DirectXRenderManager.cpp(369): error C2227: '->textureName' : 左側がクラス、構造体、共用体、ジェネリック型へのポインターではありません。
source\DirectX\DirectXRenderManager.cpp(369): error C2228: '.size' の左側はクラス、構造体、共用体でなければなりません
source\DirectX\DirectXRenderManager.cpp(370): error C2227: '->m_mesh' : 左側がクラス、構造体、共用体、ジェネリック型へのポインターではありません。
  source\DirectX\DirectXRenderManager.cpp(370): note: 型は 'int' です。
source\DirectX\DirectXRenderManager.cpp(370): error C2228: '.GetMaterial' の左側はクラス、構造体、共用体でなければなりません
source\DirectX\DirectXRenderManager.cpp(370): error C2227: '->textureName' : 左側がクラス、構造体、共用体、ジェネリック型へのポインターではありません。
source\DirectX\DirectXRenderManager.cpp(371): error C2227: '->m_mesh' : 左側がクラス、構造体、共用体、ジェネリック型へのポインターではありません。
  source\DirectX\DirectXRenderManager.cpp(371): note: 型は 'int' です。
source\DirectX\DirectXRenderManager.cpp(371): error C2228: '.GetMaterial' の左側はクラス、構造体、共用体でなければなりません
source\DirectX\DirectXRenderManager.cpp(371): error C2227: '->texture' : 左側がクラス、構造体、共用体、ジェネリック型へのポインターではありません。
source\DirectX\DirectXRenderManager.cpp(371): error C2065: 'm_texture_loader': 定義されていない識別子です。
source\DirectX\DirectXRenderManager.cpp(371): error C2227: '->Load' : 左側がクラス、構造体、共用体、ジェネリック型へのポインターではありません。
  source\DirectX\DirectXRenderManager.cpp(371): note: 型は 'unknown-type' です。
source\DirectX\DirectXRenderManager.cpp(371): error C2227: '->textureName' : 左側がクラス、構造体、共用体、ジェネリック型へのポインターではありません。
source\DirectX\DirectXRenderManager.cpp(371): error C2228: '.c_str' の左側はクラス、構造体、共用体でなければなりません
source\DirectX\DirectXRenderManager.cpp(374): error C2227: '->SetVertexBuffer' : 左側がクラス、構造体、共用体、ジェネリック型へのポインターではありません。
  source\DirectX\DirectXRenderManager.cpp(374): note: 型は 'int' です。
source\DirectX\DirectXRenderManager.cpp(374): error C2065: 'm_buffer_creater': 定義されていない識別子です。
source\DirectX\DirectXRenderManager.cpp(374): error C2227: '->CreateVertexBuffer' : 左側がクラス、構造体、共用体、ジェネリック型へのポインターではありません。
  source\DirectX\DirectXRenderManager.cpp(374): note: 型は 'unknown-type' です。
source\DirectX\DirectXRenderManager.cpp(374): error C2227: '->m_mesh' : 左側がクラス、構造体、共用体、ジェネリック型へのポインターではありません。
  source\DirectX\DirectXRenderManager.cpp(374): note: 型は 'int' です。
source\DirectX\DirectXRenderManager.cpp(374): error C2228: '.GetPolygons' の左側はクラス、構造体、共用体でなければなりません
source\DirectX\DirectXRenderManager.cpp(374): error C2227: '->vertex' : 左側がクラス、構造体、共用体、ジェネリック型へのポインターではありません。
source\DirectX\DirectXRenderManager.cpp(374): error C2228: '.at' の左側はクラス、構造体、共用体でなければなりません
source\DirectX\DirectXRenderManager.cpp(374): error C2228: '.size' の左側はクラス、構造体、共用体でなければなりません
source\DirectX\DirectXRenderManager.cpp(376): error C2227: '->SetIndexBuffer' : 左側がクラス、構造体、共用体、ジェネリック型へのポインターではありません。
  source\DirectX\DirectXRenderManager.cpp(376): note: 型は 'int' です。
source\DirectX\DirectXRenderManager.cpp(376): error C2065: 'm_buffer_creater': 定義されていない識別子です。
source\DirectX\DirectXRenderManager.cpp(376): error C2227: '->CreateIndexBuffer' : 左側がクラス、構造体、共用体、ジェネリック型へのポインターではありません。
  source\DirectX\DirectXRenderManager.cpp(376): note: 型は 'unknown-type' です。
source\DirectX\DirectXRenderManager.cpp(376): error C2227: '->m_mesh' : 左側がクラス、構造体、共用体、ジェネリック型へのポインターではありません。
  source\DirectX\DirectXRenderManager.cpp(376): note: 型は 'int' です。
source\DirectX\DirectXRenderManager.cpp(376): error C2228: '.GetPolygons' の左側はクラス、構造体、共用体でなければなりません
source\DirectX\DirectXRenderManager.cpp(376): error C2227: '->index' : 左側がクラス、構造体、共用体、ジェネリック型へのポインターではありません。
source\DirectX\DirectXRenderManager.cpp(376): error C2228: '.at' の左側はクラス、構造体、共用体でなければなりません
source\DirectX\DirectXRenderManager.cpp(376): error C2228: '.size' の左側はクラス、構造体、共用体でなければなりません
source\DirectX\DirectXRenderManager.cpp(378): error C2065: 'm_directx_render_object_warehouse': 定義されていない識別子です。
source\DirectX\DirectXRenderManager.cpp(378): error C2227: '->PushRenderObject' : 左側がクラス、構造体、共用体、ジェネリック型へのポインターではありません。
source\DirectX\DirectXRenderManager.cpp(378): fatal error C1003: プログラム内のエラーが 100 個を超えました。コンパイルは中断されます。
  DirectXTextureManager.cpp
C:\work\git\project\employment\source\./AssetManager/AssetManager.h(25): error C2065: 'AssetBase': 定義されていない識別子です。
C:\work\git\project\employment\source\./AssetManager/AssetManager.h(25): error C2923: 'std::unordered_map': 'AssetBase' は、有効な テンプレート 型引数 (パラメーター '_Ty') ではありません。
C:\Program Files (x86)\Microsoft Visual Studio\2017\Professional\VC\Tools\MSVC\14.12.25827\include\unordered_map(88): error C3203: 'pair': 非特殊 クラス テンプレート は、テンプレート 引数として テンプレート パラメーター '_Ty' に使用できません。実際の型を指定してください
source\DirectX\DirectXTextureManager.cpp(13): error C2027: 認識できない型 'mslib::texture::TextureLoder' が使われています。
  C:\work\git\project\employment\source\./AssetManager/AssetManager.h(12): note: 'mslib::texture::TextureLoder' の宣言を確認してください
source\DirectX\DirectXTextureManager.cpp(13): error C4430: 型指定子がありません - int と仮定しました。メモ: C++ は int を既定値としてサポートしていません
source\DirectX\DirectXTextureManager.cpp(13): error C2146: 構文エラー: ';' が、識別子 'Load' の前に必要です。
source\DirectX\DirectXTextureManager.cpp(13): error C2143: 構文エラー: ';' が '{' の前にありません。
source\DirectX\DirectXTextureManager.cpp(13): error C2447: '{': 対応する関数ヘッダーがありません (旧形式の仮引数リスト?)
source\DirectX\DirectXTextureManager.cpp(58): error C2027: 認識できない型 'mslib::texture::TextureLoder' が使われています。
  C:\work\git\project\employment\source\./AssetManager/AssetManager.h(12): note: 'mslib::texture::TextureLoder' の宣言を確認してください
  HelperFunction.cpp
  SubResourceSendManager.cpp
  WICTextureLoader.cpp
  GameObjectManager.cpp
  imgui.cpp
  imgui_demo.cpp
  imgui_draw.cpp
  コンパイル中...
  imgui_impl_dx11.cpp
  imgui_impl_win32.cpp
  imgui_widgets.cpp
  main.cpp
c:\work\git\project\employment\source\./DirectX/DirectXRenderManager.h(96): error C2039: 'ShaderWark': 'mslib::directx' のメンバーではありません。
  c:\work\git\project\employment\source\./DirectX/DirectXRenderManager.h(47): note: 'mslib::directx' の宣言を確認してください
c:\work\git\project\employment\source\./DirectX/DirectXRenderManager.h(95): error C2061: 構文エラー: 識別子 'ShaderWark'
c:\work\git\project\employment\source\./DirectX/DirectXRenderManager.h(249): error C2065: 'm_postEffectCommnd': 定義されていない識別子です。
c:\work\git\project\employment\source\./DirectX/DirectXRenderManager.h(249): error C2228: '.begin' の左側はクラス、構造体、共用体でなければなりません
  c:\work\git\project\employment\source\./DirectX/DirectXRenderManager.h(249): note: 型は 'unknown-type' です。
c:\work\git\project\employment\source\./DirectX/DirectXTextureManager.h(18): error C3646: 'Load': 不明なオーバーライド指定子です
c:\work\git\project\employment\source\./DirectX/DirectXTextureManager.h(18): error C2059: 構文エラー: '('
c:\work\git\project\employment\source\./DirectX/DirectXTextureManager.h(18): error C2238: ';' の前に無効なトークンがあります。
source\main.cpp(78): error C2661: 'mslib::directx::DirectXRenderObjectLoder::DirectXRenderObjectLoder': 3 個の引数を伴うオーバーロードされた関数はありません。
  MyDirectXCamera.cpp
  MyDirectXLight.cpp
  MyDirectXMath.cpp
  RenderObject.cpp
c:\work\git\project\employment\source\renderer\./RenderObject.h(81): error C2065: 'UINT': 定義されていない識別子です。
c:\work\git\project\employment\source\renderer\./RenderObject.h(81): error C2923: 'std::vector': 'UINT' は、有効な テンプレート 型引数 (パラメーター '_Ty') ではありません。
c:\work\git\project\employment\source\renderer\./RenderObject.h(81): error C3203: 'allocator': 非特殊 クラス テンプレート は、テンプレート 引数として テンプレート パラメーター '_Alloc' に使用できません。実際の型を指定してください
C:\Program Files (x86)\Microsoft Visual Studio\2017\Professional\VC\Tools\MSVC\14.12.25827\include\vector(682): error C2057: 定数式が必要です。
source\Renderer\RenderObject.cpp(31): error C2664: 'int MessageBoxW(HWND,LPCWSTR,LPCWSTR,UINT)': 引数 2 を 'const char *' から 'LPCWSTR' へ変換できません。
  source\Renderer\RenderObject.cpp(31): note: 指示された型は関連がありません。変換には reinterpret_cast、C スタイル キャストまたは関数スタイルのキャストが必要です。
source\Renderer\RenderObject.cpp(67): error C2663: 'std::vector<_Ty,_Alloc>::resize': 2 オーバーロードに 'this' ポインターのための必要な定義がされていません。
source\Renderer\RenderObject.cpp(70): error C2678: 二項演算子 '[': 型 'std::vector' の左オペランドを扱う演算子が見つかりません (または変換できません) (新しい動作; ヘルプを参照)。
  C:\Program Files (x86)\Microsoft Visual Studio\2017\Professional\VC\Tools\MSVC\14.12.25827\include\vector(1804): note: 'const _Ty &std::vector<_Ty,_Alloc>::operator [](const _Vector_alloc<_Alloc_types>::_Val_types::size_type) const' の可能性があります
  C:\Program Files (x86)\Microsoft Visual Studio\2017\Professional\VC\Tools\MSVC\14.12.25827\include\vector(1790): note: または '_Ty &std::vector<_Ty,_Alloc>::operator [](const _Vector_alloc<_Alloc_types>::_Val_types::size_type)'
  source\Renderer\RenderObject.cpp(70): note: 引数リスト '(std::vector, UINT)' を一致させようとしているとき
source\Renderer\RenderObject.cpp(70): warning C4473: 'fscanf': 書式文字列として渡された引数が不足しています
  source\Renderer\RenderObject.cpp(70): note: プレースホルダーとそのパラメーターには 1 の可変個引数が必要ですが、0 が指定されています。
  source\Renderer\RenderObject.cpp(70): note: 不足している可変個引数 1 が書式文字列 '%d' に必要です
  RenderTerget.cpp
  MyDirectXGeometryShader.cpp
source\Shader\MyDirectXGeometryShader.cpp(17): error C2227: '->CreateGeometryShader' : 左側がクラス、構造体、共用体、ジェネリック型へのポインターではありません。
  MyDirectXPixelShader.cpp
source\Shader\MyDirectXPixelShader.cpp(18): error C2227: '->CreatePixelShader' : 左側がクラス、構造体、共用体、ジェネリック型へのポインターではありません。
  MyDirectXVertexShader.cpp
source\Shader\MyDirectXVertexShader.cpp(131): error C2227: '->CreateVertexShader' : 左側がクラス、構造体、共用体、ジェネリック型へのポインターではありません。
source\Shader\MyDirectXVertexShader.cpp(133): error C2664: 'int MessageBoxW(HWND,LPCWSTR,LPCWSTR,UINT)': 引数 2 を 'const char [25]' から 'LPCWSTR' へ変換できません。
  source\Shader\MyDirectXVertexShader.cpp(133): note: 指示された型は関連がありません。変換には reinterpret_cast、C スタイル キャストまたは関数スタイルのキャストが必要です。
source\Shader\MyDirectXVertexShader.cpp(141): error C2227: '->CreateInputLayout' : 左側がクラス、構造体、共用体、ジェネリック型へのポインターではありません。
source\Shader\MyDirectXVertexShader.cpp(143): error C2664: 'int MessageBoxW(HWND,LPCWSTR,LPCWSTR,UINT)': 引数 2 を 'const char [23]' から 'LPCWSTR' へ変換できません。
  source\Shader\MyDirectXVertexShader.cpp(143): note: 指示された型は関連がありません。変換には reinterpret_cast、C スタイル キャストまたは関数スタイルのキャストが必要です。
  Shader.cpp
source\Shader\Shader.cpp(17): error C2664: 'errno_t mbstowcs_s(size_t *,wchar_t *,::size_t,const char *,::size_t)': 引数 1 を 'UINT *' から 'size_t *' へ変換できません。
  source\Shader\Shader.cpp(17): note: 指示された型は関連がありません。変換には reinterpret_cast、C スタイル キャストまたは関数スタイルのキャストが必要です。
source\Shader\Shader.cpp(43): error C2664: 'int MessageBoxW(HWND,LPCWSTR,LPCWSTR,UINT)': 引数 2 を 'char *' から 'LPCWSTR' へ変換できません。
  source\Shader\Shader.cpp(45): note: 指示された型は関連がありません。変換には reinterpret_cast、C スタイル キャストまたは関数スタイルのキャストが必要です。
source\Shader\Shader.cpp(73): error C2664: 'int MessageBoxW(HWND,LPCWSTR,LPCWSTR,UINT)': 引数 2 を 'const char [36]' から 'LPCWSTR' へ変換できません。
  source\Shader\Shader.cpp(73): note: 指示された型は関連がありません。変換には reinterpret_cast、C スタイル キャストまたは関数スタイルのキャストが必要です。
  TestGameObject.cpp
c:\work\git\project\employment\source\./DirectX/DirectXRenderManager.h(96): error C2039: 'ShaderWark': 'mslib::directx' のメンバーではありません。
  c:\work\git\project\employment\source\./DirectX/DirectXRenderManager.h(47): note: 'mslib::directx' の宣言を確認してください
c:\work\git\project\employment\source\./DirectX/DirectXRenderManager.h(95): error C2061: 構文エラー: 識別子 'ShaderWark'
c:\work\git\project\employment\source\./DirectX/DirectXRenderManager.h(249): error C2065: 'm_postEffectCommnd': 定義されていない識別子です。
c:\work\git\project\employment\source\./DirectX/DirectXRenderManager.h(249): error C2228: '.begin' の左側はクラス、構造体、共用体でなければなりません
  c:\work\git\project\employment\source\./DirectX/DirectXRenderManager.h(249): note: 型は 'unknown-type' です。
source\TestGameObject.cpp(22): error C2079: 'creater' が 未定義の class 'mslib::directx::BufferCreater' で使用しています。
source\TestGameObject.cpp(22): error C2440: '初期化中': 'mslib::directx::Device' から 'int' に変換できません。
  source\TestGameObject.cpp(22): note: この変換を実行可能なユーザー定義変換演算子がないか、または演算子を呼び出せません。
source\TestGameObject.cpp(24): error C2228: '.CreateConstantBuffer' の左側はクラス、構造体、共用体でなければなりません
  source\TestGameObject.cpp(24): note: 型は 'int' です。
  TestScene.cpp
  WindowsManager.cpp
source\Windows\WindowsManager.cpp(26): error C2440: '=': 'const char [7]' から 'LPCWSTR' に変換できません。
  source\Windows\WindowsManager.cpp(26): note: 指示された型は関連がありません。変換には reinterpret_cast、C スタイル キャストまたは関数スタイルのキャストが必要です。
source\Windows\WindowsManager.cpp(44): error C2664: 'HWND CreateWindowExW(DWORD,LPCWSTR,LPCWSTR,DWORD,int,int,int,int,HWND,HMENU,HINSTANCE,LPVOID)': 引数 2 を 'const char [7]' から 'LPCWSTR' へ変換できません。
  source\Windows\WindowsManager.cpp(53): note: 指示された型は関連がありません。変換には reinterpret_cast、C スタイル キャストまたは関数スタイルのキャストが必要です。
source\Windows\WindowsManager.cpp(58): error C2664: 'HWND CreateWindowExW(DWORD,LPCWSTR,LPCWSTR,DWORD,int,int,int,int,HWND,HMENU,HINSTANCE,LPVOID)': 引数 2 を 'const char [7]' から 'LPCWSTR' へ変換できません。
  source\Windows\WindowsManager.cpp(67): note: 指示された型は関連がありません。変換には reinterpret_cast、C スタイル キャストまたは関数スタイルのキャストが必要です。
