cl : コマンド ライン warning D9030: '/Gm' はマルチプロセシングと互換性がありません。/MP スイッチを無視します
  GameObjectLight.cpp
c:\work\git\project\employment\source\renderer\posteffectbase.h(11): error C2653: 'directx': 識別子がクラス名でも名前空間名でもありません。
c:\work\git\project\employment\source\renderer\posteffectbase.h(11): error C2504: 'DirectXPostEffect': 定義されていない基底クラスが宣言されています。
c:\work\git\project\employment\source\renderer\posteffectbase.h(13): error C2061: 構文エラー: 識別子 'CameraTexture'
c:\work\git\project\employment\source\renderer\posteffectbase.h(16): error C2061: 構文エラー: 識別子 'PostEffectStatus'
c:\work\git\project\employment\source\renderer\renderterget.h(72): error C2039: 'CameraTexture': 'mslib::render' のメンバーではありません。
  c:\work\git\project\employment\source\renderer\renderterget.h(23): note: 'mslib::render' の宣言を確認してください
c:\work\git\project\employment\source\renderer\renderterget.h(72): error C3646: 'GetCameraTexture': 不明なオーバーライド指定子です
c:\work\git\project\employment\source\renderer\renderterget.h(72): error C2059: 構文エラー: '('
c:\work\git\project\employment\source\renderer\renderterget.h(72): error C2238: ';' の前に無効なトークンがあります。
c:\work\git\project\employment\source\renderer\renderterget.h(100): error C3646: 'm_softRenderTerget': 不明なオーバーライド指定子です
c:\work\git\project\employment\source\renderer\renderterget.h(100): error C4430: 型指定子がありません - int と仮定しました。メモ: C++ は int を既定値としてサポートしていません
c:\work\git\project\employment\source\renderer\posteffect.h(10): error C2061: 構文エラー: 識別子 'CameraTexture'
c:\work\git\project\employment\source\renderer\posteffect.h(14): error C2061: 構文エラー: 識別子 'PostEffectStatus'
c:\work\git\project\employment\source\renderer\posteffect.h(10): error C2065: '_cameraTexture': 定義されていない識別子です。
c:\work\git\project\employment\source\core\component\posteffect\baseposteffectcomponent.h(21): error C2039: 'POSTEFFECT_TYPE': 'mslib::render' のメンバーではありません。
  c:\work\git\project\employment\source\core\component\posteffect\baseposteffectcomponent.h(7): note: 'mslib::render' の宣言を確認してください
c:\work\git\project\employment\source\core\component\posteffect\baseposteffectcomponent.h(21): error C2061: 構文エラー: 識別子 'POSTEFFECT_TYPE'
c:\work\git\project\employment\source\core\component\posteffect\baseposteffectcomponent.h(27): error C2039: 'PostEffectStatus': 'mslib::render' のメンバーではありません。
  c:\work\git\project\employment\source\core\component\posteffect\baseposteffectcomponent.h(7): note: 'mslib::render' の宣言を確認してください
c:\work\git\project\employment\source\core\component\posteffect\baseposteffectcomponent.h(27): error C3646: 'm_status': 不明なオーバーライド指定子です
c:\work\git\project\employment\source\core\component\posteffect\baseposteffectcomponent.h(27): error C4430: 型指定子がありません - int と仮定しました。メモ: C++ は int を既定値としてサポートしていません
  GameObjectGround.cpp
c:\work\git\project\employment\source\renderer\posteffectbase.h(11): error C2653: 'directx': 識別子がクラス名でも名前空間名でもありません。
c:\work\git\project\employment\source\renderer\posteffectbase.h(11): error C2504: 'DirectXPostEffect': 定義されていない基底クラスが宣言されています。
c:\work\git\project\employment\source\renderer\posteffectbase.h(13): error C2061: 構文エラー: 識別子 'CameraTexture'
c:\work\git\project\employment\source\renderer\posteffectbase.h(16): error C2061: 構文エラー: 識別子 'PostEffectStatus'
c:\work\git\project\employment\source\renderer\renderterget.h(72): error C2039: 'CameraTexture': 'mslib::render' のメンバーではありません。
  c:\work\git\project\employment\source\renderer\renderterget.h(23): note: 'mslib::render' の宣言を確認してください
c:\work\git\project\employment\source\renderer\renderterget.h(72): error C3646: 'GetCameraTexture': 不明なオーバーライド指定子です
c:\work\git\project\employment\source\renderer\renderterget.h(72): error C2059: 構文エラー: '('
c:\work\git\project\employment\source\renderer\renderterget.h(72): error C2238: ';' の前に無効なトークンがあります。
c:\work\git\project\employment\source\renderer\renderterget.h(100): error C3646: 'm_softRenderTerget': 不明なオーバーライド指定子です
c:\work\git\project\employment\source\renderer\renderterget.h(100): error C4430: 型指定子がありません - int と仮定しました。メモ: C++ は int を既定値としてサポートしていません
c:\work\git\project\employment\source\renderer\renderobject.h(28): error C2653: 'directx': 識別子がクラス名でも名前空間名でもありません。
c:\work\git\project\employment\source\renderer\renderobject.h(28): error C2061: 構文エラー: 識別子 'DirectXPipeline'
c:\work\git\project\employment\source\renderer\renderobject.h(106): error C2065: 'UINT': 定義されていない識別子です。
c:\work\git\project\employment\source\renderer\renderobject.h(106): error C2923: 'std::vector': 'UINT' は、有効な テンプレート 型引数 (パラメーター '_Ty') ではありません。
c:\work\git\project\employment\source\renderer\renderobject.h(106): error C3203: 'allocator': 非特殊 クラス テンプレート は、テンプレート 引数として テンプレート パラメーター '_Alloc' に使用できません。実際の型を指定してください
c:\work\git\project\employment\source\renderer\renderobject.h(119): error C3646: 'm_pipeline': 不明なオーバーライド指定子です
c:\work\git\project\employment\source\renderer\renderobject.h(119): error C4430: 型指定子がありません - int と仮定しました。メモ: C++ は int を既定値としてサポートしていません
c:\work\git\project\employment\source\renderer\renderobject.h(129): error C2143: 構文エラー: ';' が '*' の前にありません。
c:\work\git\project\employment\source\renderer\renderobject.h(129): error C4430: 型指定子がありません - int と仮定しました。メモ: C++ は int を既定値としてサポートしていません
c:\work\git\project\employment\source\renderer\renderobject.h(129): error C2238: ';' の前に無効なトークンがあります。
c:\work\git\project\employment\source\renderer\render.h(30): error C2143: 構文エラー: ';' が '*' の前にありません。
c:\work\git\project\employment\source\renderer\render.h(30): error C4430: 型指定子がありません - int と仮定しました。メモ: C++ は int を既定値としてサポートしていません
c:\work\git\project\employment\source\renderer\render.h(30): error C2238: ';' の前に無効なトークンがあります。
c:\work\git\project\employment\source\renderer\render.h(38): error C2061: 構文エラー: 識別子 'Pipeline'
c:\work\git\project\employment\source\renderer\render.h(39): error C2065: '_pipelinePtr': 定義されていない識別子です。
c:\work\git\project\employment\source\renderer\render.h(39): error C2614: 'mslib::render::RenderObjectCommand': イニシャライズ リスト内のクラス 'm_pipelinePtr' が基底クラスでもメンバーでもありません。
c:\work\git\project\employment\source\renderer\render.h(51): error C2061: 構文エラー: 識別子 'Pipeline'
  main.cpp
c:\work\git\project\employment\source\core\input\input.h(30): error C2504: 'InputDirectXConnect': 定義されていない基底クラスが宣言されています。
c:\program files (x86)\microsoft visual studio\2017\professional\vc\tools\msvc\14.12.25827\include\any(14): fatal error C1189: #error:  class any is only available with C++17.
  Thread.cpp
c:\work\git\project\employment\source\core\thread\threadaffinity.h(9): error C2061: 構文エラー: 識別子 'DWORD'
c:\work\git\project\employment\source\core\thread\thread.cpp(18): error C2660: 'mslib::thread::ThreadAffinity': 関数に 2 個の引数を指定できません。
  Input.cpp
c:\work\git\project\employment\source\core\input\input.h(30): error C2504: 'InputDirectXConnect': 定義されていない基底クラスが宣言されています。
c:\work\git\project\employment\source\core\input\input.h(32): error C2061: 構文エラー: 識別子 'HINSTANCE'
c:\work\git\project\employment\source\core\input\input.h(33): error C2535: 'mslib::input::Input::Input(void)': メンバー関数は、既に定義または宣言されています。
  c:\work\git\project\employment\source\core\input\input.h(32): note: 'mslib::input::Input::Input' の宣言を確認してください
c:\work\git\project\employment\source\core\input\input.cpp(6): error C2653: 'directx': 識別子がクラス名でも名前空間名でもありません。
c:\work\git\project\employment\source\core\input\input.cpp(6): error C2653: 'InputDirectXConnect': 識別子がクラス名でも名前空間名でもありません。
c:\work\git\project\employment\source\core\input\input.cpp(6): error C4430: 型指定子がありません - int と仮定しました。メモ: C++ は int を既定値としてサポートしていません
c:\work\git\project\employment\source\core\input\input.cpp(6): error C2146: 構文エラー: ';' が、識別子 'dxInput' の前に必要です。
c:\work\git\project\employment\source\core\input\input.cpp(8): error C2653: 'InputDirectXConnect': 識別子がクラス名でも名前空間名でもありません。
c:\work\git\project\employment\source\core\input\input.cpp(8): error C2065: 'HINSTANCE': 定義されていない識別子です。
c:\work\git\project\employment\source\core\input\input.cpp(8): error C2146: 構文エラー: ')' が、識別子 '_hIncetance' の前に必要です。
c:\work\git\project\employment\source\core\input\input.cpp(8): error C2143: 構文エラー: ';' が '{' の前にありません。
c:\work\git\project\employment\source\core\input\input.cpp(8): error C2447: '{': 対応する関数ヘッダーがありません (旧形式の仮引数リスト?)
c:\work\git\project\employment\source\core\input\input.cpp(12): error C2653: 'InputDirectXConnect': 識別子がクラス名でも名前空間名でもありません。
c:\work\git\project\employment\source\core\input\input.cpp(13): error C2065: 'dxInput': 定義されていない識別子です。
c:\work\git\project\employment\source\core\input\input.cpp(13): error C2228: '.GetKeyEnter' の左側はクラス、構造体、共用体でなければなりません
  c:\work\git\project\employment\source\core\input\input.cpp(13): note: 型は 'unknown-type' です。
c:\work\git\project\employment\source\core\input\input.cpp(16): error C2653: 'InputDirectXConnect': 識別子がクラス名でも名前空間名でもありません。
c:\work\git\project\employment\source\core\input\input.cpp(17): error C2065: 'dxInput': 定義されていない識別子です。
c:\work\git\project\employment\source\core\input\input.cpp(17): error C2228: '.GetKeyExit' の左側はクラス、構造体、共用体でなければなりません
  c:\work\git\project\employment\source\core\input\input.cpp(17): note: 型は 'unknown-type' です。
c:\work\git\project\employment\source\core\input\input.cpp(20): error C2653: 'InputDirectXConnect': 識別子がクラス名でも名前空間名でもありません。
c:\work\git\project\employment\source\core\input\input.cpp(21): error C2065: 'dxInput': 定義されていない識別子です。
c:\work\git\project\employment\source\core\input\input.cpp(21): error C2228: '.GetKeyStay' の左側はクラス、構造体、共用体でなければなりません
  c:\work\git\project\employment\source\core\input\input.cpp(21): note: 型は 'unknown-type' です。
c:\work\git\project\employment\source\core\input\input.cpp(24): error C2653: 'InputDirectXConnect': 識別子がクラス名でも名前空間名でもありません。
c:\work\git\project\employment\source\core\input\input.cpp(25): error C2065: 'dxInput': 定義されていない識別子です。
c:\work\git\project\employment\source\core\input\input.cpp(25): error C2228: '.Update' の左側はクラス、構造体、共用体でなければなりません
  c:\work\git\project\employment\source\core\input\input.cpp(25): note: 型は 'unknown-type' です。
c:\work\git\project\employment\source\core\input\input.cpp(28): error C2065: 'HINSTANCE': 定義されていない識別子です。
c:\work\git\project\employment\source\core\input\input.cpp(28): error C2146: 構文エラー: ')' が、識別子 '_hIncetance' の前に必要です。
c:\work\git\project\employment\source\core\input\input.cpp(28): error C2065: '_hIncetance': 定義されていない識別子です。
c:\work\git\project\employment\source\core\input\input.cpp(28): error C4430: 型指定子がありません - int と仮定しました。メモ: C++ は int を既定値としてサポートしていません
c:\work\git\project\employment\source\core\input\input.cpp(28): error C2448: 'mslib::input::InputDirectXConnect': 関数の定義が間違っています。
  GameLoopManager.cpp
