c:\work\git\project\employment\x64\directx11\assimpanimation.obj
c:\work\git\project\employment\x64\directx11\baseposteffectcomponent.obj
c:\work\git\project\employment\x64\directx11\directxrendermanager.obj
c:\work\git\project\employment\x64\directx11\enemymanagergameobject.obj
c:\work\git\project\employment\x64\directx11\playergameobject.obj
c:\work\git\project\employment\x64\directx11\renderterget.obj
c:\work\git\project\employment\x64\directx11\directionallightcomponent.obj
c:\work\git\project\employment\x64\directx11\scenemanager.obj
c:\work\git\project\employment\x64\directx11\directxmesh.obj
c:\work\git\project\employment\x64\directx11\imgui_impl_win32.obj
c:\work\git\project\employment\x64\directx11\loadenemygameobject.obj
c:\work\git\project\employment\x64\directx11\battlescene.obj
c:\work\git\project\employment\x64\directx11\model.obj
c:\work\git\project\employment\x64\directx11\shaderloader.obj
c:\work\git\project\employment\x64\directx11\rendercomponent.obj
c:\work\git\project\employment\x64\directx11\wictextureloader.obj
c:\work\git\project\employment\x64\directx11\mydirectxmath.obj
c:\work\git\project\employment\x64\directx11\field.obj
c:\work\git\project\employment\x64\directx11\material.obj
c:\work\git\project\employment\x64\directx11\testscene.obj
c:\work\git\project\employment\x64\directx11\cameracomponent.obj
c:\work\git\project\employment\x64\directx11\gameloopmanager.obj
c:\work\git\project\employment\x64\directx11\imguimanager.obj
c:\work\git\project\employment\x64\directx11\enemygameobject.obj
c:\work\git\project\employment\x64\directx11\playerrgicomponent.obj
c:\work\git\project\employment\x64\directx11\posteffect.obj
c:\work\git\project\employment\x64\directx11\modelloader.obj
c:\work\git\project\employment\x64\directx11\thread.obj
c:\work\git\project\employment\x64\directx11\directxpipeline.obj
c:\work\git\project\employment\x64\directx11\feadcomponent.obj
c:\work\git\project\employment\x64\directx11\mesh.obj
c:\work\git\project\employment\x64\directx11\testgameobject.obj
c:\work\git\project\employment\x64\directx11\textureloader.obj
c:\work\git\project\employment\x64\directx11\render2dcomponent.obj
c:\work\git\project\employment\x64\directx11\directxtexture.obj
c:\work\git\project\employment\x64\directx11\enemycomponent.obj
c:\work\git\project\employment\x64\directx11\gameobjectlight.obj
c:\work\git\project\employment\x64\directx11\render.obj
c:\work\git\project\employment\x64\directx11\baselightcomponent.obj
c:\work\git\project\employment\x64\directx11\jobline.obj
c:\work\git\project\employment\x64\directx11\object.obj
c:\work\git\project\employment\x64\directx11\directx11manager.obj
c:\work\git\project\employment\x64\directx11\imgui_demo.obj
c:\work\git\project\employment\x64\directx11\imgui_impl_dx11.obj
c:\work\git\project\employment\x64\directx11\fieldmanagercomponent.obj
c:\work\git\project\employment\x64\directx11\rpgmanagercomponent.obj
c:\work\git\project\employment\x64\directx11\titlescene.obj
c:\work\git\project\employment\x64\directx11\texture.obj
c:\work\git\project\employment\x64\directx11\shadowmapcameracomponent.obj
c:\work\git\project\employment\x64\directx11\jobsystemmanager.obj
c:\work\git\project\employment\x64\directx11\directxinput.obj
c:\work\git\project\employment\x64\directx11\helperfunction.obj
c:\work\git\project\employment\x64\directx11\gameobjectmanager.obj
c:\work\git\project\employment\x64\directx11\main.obj
c:\work\git\project\employment\x64\directx11\fieldscene.obj
c:\work\git\project\employment\x64\directx11\shadercompiler.obj
c:\work\git\project\employment\x64\directx11\meshloader.obj
c:\work\git\project\employment\x64\directx11\basescene.obj
c:\work\git\project\employment\x64\directx11\directxmaterial.obj
c:\work\git\project\employment\x64\directx11\havecameragameobject.obj
c:\work\git\project\employment\x64\directx11\directxposteffect.obj
c:\work\git\project\employment\x64\directx11\windowsmanager.obj
c:\work\git\project\employment\x64\directx11\basecameracomponent.obj
c:\work\git\project\employment\x64\directx11\input.obj
c:\work\git\project\employment\x64\directx11\depsebufferrender2dgameobject.obj
c:\work\git\project\employment\x64\directx11\enemyload.obj
c:\work\git\project\employment\x64\directx11\rpgmanagergameobject.obj
c:\work\git\project\employment\x64\directx11\titlescenemanagergameobject.obj
c:\work\git\project\employment\x64\directx11\shader.obj
c:\work\git\project\employment\x64\directx11\assimpscene.obj
c:\work\git\project\employment\x64\directx11\modelrendercomponent.obj
c:\work\git\project\employment\x64\directx11\directxrenderterget.obj
c:\work\git\project\employment\x64\directx11\fieldmanager.obj
c:\work\git\project\employment\x64\directx11\posteffectbase.obj
c:\work\git\project\employment\x64\directx11\materialloader.obj
c:\work\git\project\employment\x64\directx11\fpsmanager.obj
c:\work\git\project\employment\x64\directx11\subresourcesendmanager.obj
c:\work\git\project\employment\x64\directx11\gameobjectground.obj
c:\work\git\project\employment\x64\directx11\renderobject.obj
c:\work\git\project\x64\directx11\psrender2dbase.cso
c:\work\git\project\x64\directx11\vsrender2dbase.cso
c:\work\git\project\x64\directx11\bumpmapps.cso
c:\work\git\project\x64\directx11\bumpmapvs.cso
c:\work\git\project\x64\directx11\psdefferdnormal.cso
c:\work\git\project\x64\directx11\gs.cso
c:\work\git\project\x64\directx11\ps.cso
c:\work\git\project\x64\directx11\ps2d.cso
c:\work\git\project\x64\directx11\psblackout.cso
c:\work\git\project\x64\directx11\psfead.cso
c:\work\git\project\x64\directx11\psgauss.cso
c:\work\git\project\x64\directx11\psshadowmap.cso
c:\work\git\project\x64\directx11\psskydome.cso
c:\work\git\project\x64\directx11\pstest.cso
c:\work\git\project\x64\directx11\pstoon.cso
c:\work\git\project\x64\directx11\pstriangle.cso
c:\work\git\project\x64\directx11\psvscommon.cso
c:\work\git\project\x64\directx11\testps.cso
c:\work\git\project\x64\directx11\testvs.cso
c:\work\git\project\x64\directx11\vs.cso
c:\work\git\project\x64\directx11\vs2d.cso
c:\work\git\project\x64\directx11\vsgauss.cso
c:\work\git\project\x64\directx11\vsshadowmap.cso
c:\work\git\project\x64\directx11\vstriangle.cso
c:\work\git\project\employment\x64\directx11\vc141.pdb
c:\work\git\project\employment\x64\directx11\directx11初期化.tlog\cl.command.1.tlog
c:\work\git\project\employment\x64\directx11\directx11初期化.tlog\cl.read.1.tlog
c:\work\git\project\employment\x64\directx11\directx11初期化.tlog\cl.write.1.tlog
c:\work\git\project\employment\x64\directx11\directx11初期化.tlog\directx11初期化.write.1u.tlog
